<?xml version="1.0" encoding="utf-8"?><testsuites><testsuite name="pytest" errors="0" failures="0" skipped="0" tests="4" time="1.245" timestamp="2025-05-07T00:31:00.816778" hostname="AdityaSunke"><testcase classname="tests.test_bitstring" name="test_init" file="tests/test_bitstring.py" line="3" time="0.023" /><testcase classname="tests.test_bitstring" name="test_flip_site" file="tests/test_bitstring.py" line="7" time="0.001" /><testcase classname="tests.test_bitstring" name="test_on_off_counts" file="tests/test_bitstring.py" line="12" time="0.001" /><testcase classname="tests.test_molecool" name="test_molecool_imported" file="tests/test_molecool.py" line="12" time="0.001" /></testsuite></testsuites>